/tmp/slurmd/job35803/slurm_script: line 23: activate: No such file or directory
Epoch: [0][0/18681]	Batch Time 1.947 (1.947)	Data Load Time 0.299 (0.299)	Loss 11.4561 (11.4561)	Top-5 Accuracy 0.000 (0.000)
Epoch: [0][100/18681]	Batch Time 0.133 (0.159)	Data Load Time 0.000 (0.005)	Loss 7.4176 (8.4165)	Top-5 Accuracy 20.536 (20.800)
Epoch: [0][200/18681]	Batch Time 0.123 (0.152)	Data Load Time 0.000 (0.002)	Loss 7.2323 (7.9050)	Top-5 Accuracy 31.068 (21.907)
Epoch: [0][300/18681]	Batch Time 0.109 (0.148)	Data Load Time 0.000 (0.002)	Loss 6.9146 (7.6724)	Top-5 Accuracy 32.143 (22.898)
Epoch: [0][400/18681]	Batch Time 0.110 (0.147)	Data Load Time 0.000 (0.001)	Loss 7.1552 (7.5171)	Top-5 Accuracy 28.571 (23.618)
Epoch: [0][500/18681]	Batch Time 0.107 (0.145)	Data Load Time 0.000 (0.001)	Loss 6.4311 (7.4034)	Top-5 Accuracy 33.333 (24.370)
Epoch: [0][600/18681]	Batch Time 0.133 (0.144)	Data Load Time 0.000 (0.001)	Loss 6.7830 (7.3145)	Top-5 Accuracy 29.565 (25.282)
Epoch: [0][700/18681]	Batch Time 0.147 (0.143)	Data Load Time 0.000 (0.001)	Loss 6.7488 (7.2403)	Top-5 Accuracy 30.645 (26.136)
Epoch: [0][800/18681]	Batch Time 0.107 (0.142)	Data Load Time 0.000 (0.001)	Loss 6.6209 (7.1713)	Top-5 Accuracy 28.283 (26.999)
Epoch: [0][900/18681]	Batch Time 0.127 (0.142)	Data Load Time 0.000 (0.001)	Loss 6.9096 (7.1198)	Top-5 Accuracy 29.592 (27.626)
Epoch: [0][1000/18681]	Batch Time 0.145 (0.142)	Data Load Time 0.000 (0.001)	Loss 6.4692 (7.0734)	Top-5 Accuracy 30.612 (28.156)
Epoch: [0][1100/18681]	Batch Time 0.127 (0.142)	Data Load Time 0.000 (0.001)	Loss 6.1446 (7.0316)	Top-5 Accuracy 42.202 (28.656)
Epoch: [0][1200/18681]	Batch Time 0.176 (0.142)	Data Load Time 0.000 (0.001)	Loss 6.3859 (6.9938)	Top-5 Accuracy 29.008 (29.076)
Epoch: [0][1300/18681]	Batch Time 0.115 (0.141)	Data Load Time 0.000 (0.001)	Loss 6.3625 (6.9562)	Top-5 Accuracy 30.526 (29.501)
Epoch: [0][1400/18681]	Batch Time 0.108 (0.141)	Data Load Time 0.000 (0.001)	Loss 5.9194 (6.9213)	Top-5 Accuracy 41.573 (29.918)
Epoch: [0][1500/18681]	Batch Time 0.133 (0.140)	Data Load Time 0.000 (0.001)	Loss 6.3246 (6.8932)	Top-5 Accuracy 30.000 (30.214)
Epoch: [0][1600/18681]	Batch Time 0.181 (0.141)	Data Load Time 0.000 (0.001)	Loss 6.3911 (6.8671)	Top-5 Accuracy 34.579 (30.496)
Epoch: [0][1700/18681]	Batch Time 0.120 (0.141)	Data Load Time 0.000 (0.001)	Loss 5.9276 (6.8391)	Top-5 Accuracy 37.143 (30.821)
Epoch: [0][1800/18681]	Batch Time 0.140 (0.141)	Data Load Time 0.000 (0.001)	Loss 6.8092 (6.8148)	Top-5 Accuracy 34.343 (31.110)
Epoch: [0][1900/18681]	Batch Time 0.116 (0.141)	Data Load Time 0.000 (0.001)	Loss 6.3589 (6.7912)	Top-5 Accuracy 30.097 (31.395)
Epoch: [0][2000/18681]	Batch Time 0.156 (0.141)	Data Load Time 0.000 (0.001)	Loss 6.0514 (6.7710)	Top-5 Accuracy 35.294 (31.651)
Epoch: [0][2100/18681]	Batch Time 0.210 (0.141)	Data Load Time 0.000 (0.001)	Loss 6.8376 (6.7508)	Top-5 Accuracy 33.600 (31.864)
Epoch: [0][2200/18681]	Batch Time 0.127 (0.140)	Data Load Time 0.000 (0.001)	Loss 5.8453 (6.7328)	Top-5 Accuracy 36.792 (32.072)
Epoch: [0][2300/18681]	Batch Time 0.176 (0.140)	Data Load Time 0.000 (0.001)	Loss 6.2779 (6.7153)	Top-5 Accuracy 32.824 (32.276)
Epoch: [0][2400/18681]	Batch Time 0.127 (0.140)	Data Load Time 0.000 (0.001)	Loss 6.3805 (6.6978)	Top-5 Accuracy 35.606 (32.471)
Epoch: [0][2500/18681]	Batch Time 0.182 (0.140)	Data Load Time 0.000 (0.001)	Loss 6.1299 (6.6809)	Top-5 Accuracy 40.708 (32.666)
Epoch: [0][2600/18681]	Batch Time 0.121 (0.140)	Data Load Time 0.000 (0.001)	Loss 6.2325 (6.6647)	Top-5 Accuracy 34.066 (32.834)
Epoch: [0][2700/18681]	Batch Time 0.128 (0.141)	Data Load Time 0.000 (0.001)	Loss 5.7837 (6.6499)	Top-5 Accuracy 39.806 (32.988)
Epoch: [0][2800/18681]	Batch Time 0.117 (0.141)	Data Load Time 0.000 (0.001)	Loss 6.4485 (6.6355)	Top-5 Accuracy 38.462 (33.145)
Epoch: [0][2900/18681]	Batch Time 0.154 (0.141)	Data Load Time 0.000 (0.001)	Loss 6.1702 (6.6206)	Top-5 Accuracy 36.735 (33.313)
Epoch: [0][3000/18681]	Batch Time 0.178 (0.141)	Data Load Time 0.000 (0.001)	Loss 6.1913 (6.6071)	Top-5 Accuracy 34.375 (33.452)
Epoch: [0][3100/18681]	Batch Time 0.138 (0.141)	Data Load Time 0.000 (0.001)	Loss 6.1919 (6.5961)	Top-5 Accuracy 36.893 (33.601)
Epoch: [0][3200/18681]	Batch Time 0.107 (0.141)	Data Load Time 0.000 (0.001)	Loss 6.4705 (6.5840)	Top-5 Accuracy 35.714 (33.735)
Epoch: [0][3300/18681]	Batch Time 0.191 (0.141)	Data Load Time 0.000 (0.001)	Loss 6.3144 (6.5714)	Top-5 Accuracy 34.234 (33.890)
Epoch: [0][3400/18681]	Batch Time 0.118 (0.141)	Data Load Time 0.000 (0.001)	Loss 6.5402 (6.5603)	Top-5 Accuracy 40.000 (33.995)
Epoch: [0][3500/18681]	Batch Time 0.116 (0.141)	Data Load Time 0.000 (0.001)	Loss 5.9756 (6.5498)	Top-5 Accuracy 43.182 (34.118)
Epoch: [0][3600/18681]	Batch Time 0.106 (0.141)	Data Load Time 0.000 (0.001)	Loss 5.9256 (6.5414)	Top-5 Accuracy 42.857 (34.222)
Epoch: [0][3700/18681]	Batch Time 0.131 (0.141)	Data Load Time 0.000 (0.001)	Loss 6.1626 (6.5301)	Top-5 Accuracy 39.640 (34.339)
Epoch: [0][3800/18681]	Batch Time 0.185 (0.141)	Data Load Time 0.000 (0.001)	Loss 5.7168 (6.5203)	Top-5 Accuracy 40.870 (34.455)
Epoch: [0][3900/18681]	Batch Time 0.130 (0.141)	Data Load Time 0.000 (0.001)	Loss 5.9310 (6.5112)	Top-5 Accuracy 47.917 (34.563)
Epoch: [0][4000/18681]	Batch Time 0.154 (0.140)	Data Load Time 0.000 (0.001)	Loss 6.2900 (6.5015)	Top-5 Accuracy 41.573 (34.676)
Epoch: [0][4100/18681]	Batch Time 0.198 (0.140)	Data Load Time 0.086 (0.001)	Loss 5.2241 (6.4927)	Top-5 Accuracy 46.667 (34.795)
Epoch: [0][4200/18681]	Batch Time 0.117 (0.140)	Data Load Time 0.000 (0.001)	Loss 6.2470 (6.4838)	Top-5 Accuracy 41.748 (34.908)
Epoch: [0][4300/18681]	Batch Time 0.139 (0.140)	Data Load Time 0.000 (0.001)	Loss 5.9743 (6.4773)	Top-5 Accuracy 38.017 (34.973)
Epoch: [0][4400/18681]	Batch Time 0.116 (0.140)	Data Load Time 0.000 (0.001)	Loss 5.8058 (6.4695)	Top-5 Accuracy 46.237 (35.063)
Epoch: [0][4500/18681]	Batch Time 0.123 (0.140)	Data Load Time 0.000 (0.001)	Loss 6.0165 (6.4612)	Top-5 Accuracy 40.816 (35.168)
Epoch: [0][4600/18681]	Batch Time 0.129 (0.140)	Data Load Time 0.000 (0.001)	Loss 5.9968 (6.4552)	Top-5 Accuracy 40.870 (35.241)
Epoch: [0][4700/18681]	Batch Time 0.316 (0.140)	Data Load Time 0.000 (0.001)	Loss 6.5181 (6.4462)	Top-5 Accuracy 33.333 (35.342)
Epoch: [0][4800/18681]	Batch Time 0.261 (0.140)	Data Load Time 0.000 (0.001)	Loss 6.8290 (6.4394)	Top-5 Accuracy 26.389 (35.432)
Epoch: [0][4900/18681]	Batch Time 0.131 (0.140)	Data Load Time 0.000 (0.001)	Loss 5.9958 (6.4330)	Top-5 Accuracy 37.778 (35.504)
Epoch: [0][5000/18681]	Batch Time 0.115 (0.140)	Data Load Time 0.000 (0.001)	Loss 6.2782 (6.4252)	Top-5 Accuracy 44.554 (35.599)
Epoch: [0][5100/18681]	Batch Time 0.120 (0.140)	Data Load Time 0.000 (0.001)	Loss 6.2994 (6.4182)	Top-5 Accuracy 38.462 (35.684)
Epoch: [0][5200/18681]	Batch Time 0.135 (0.140)	Data Load Time 0.000 (0.001)	Loss 6.5388 (6.4108)	Top-5 Accuracy 33.019 (35.766)
Epoch: [0][5300/18681]	Batch Time 0.113 (0.140)	Data Load Time 0.000 (0.001)	Loss 6.1625 (6.4045)	Top-5 Accuracy 42.553 (35.841)
Epoch: [0][5400/18681]	Batch Time 0.175 (0.140)	Data Load Time 0.000 (0.001)	Loss 5.9266 (6.3990)	Top-5 Accuracy 37.888 (35.909)
Epoch: [0][5500/18681]	Batch Time 0.130 (0.140)	Data Load Time 0.000 (0.001)	Loss 5.6733 (6.3922)	Top-5 Accuracy 42.453 (35.988)
Epoch: [0][5600/18681]	Batch Time 0.153 (0.140)	Data Load Time 0.000 (0.001)	Loss 6.4352 (6.3864)	Top-5 Accuracy 36.634 (36.054)
Epoch: [0][5700/18681]	Batch Time 0.159 (0.140)	Data Load Time 0.000 (0.001)	Loss 6.1692 (6.3811)	Top-5 Accuracy 33.600 (36.119)
Epoch: [0][5800/18681]	Batch Time 0.146 (0.140)	Data Load Time 0.000 (0.001)	Loss 6.1064 (6.3742)	Top-5 Accuracy 37.405 (36.193)
Epoch: [0][5900/18681]	Batch Time 0.105 (0.140)	Data Load Time 0.000 (0.001)	Loss 5.8640 (6.3681)	Top-5 Accuracy 43.678 (36.264)
Epoch: [0][6000/18681]	Batch Time 0.131 (0.140)	Data Load Time 0.000 (0.001)	Loss 5.7270 (6.3617)	Top-5 Accuracy 41.441 (36.346)
Epoch: [0][6100/18681]	Batch Time 0.160 (0.140)	Data Load Time 0.000 (0.001)	Loss 6.1254 (6.3566)	Top-5 Accuracy 43.885 (36.417)
Epoch: [0][6200/18681]	Batch Time 0.136 (0.140)	Data Load Time 0.000 (0.001)	Loss 5.7392 (6.3510)	Top-5 Accuracy 42.241 (36.485)
Epoch: [0][6300/18681]	Batch Time 0.130 (0.140)	Data Load Time 0.000 (0.000)	Loss 5.5408 (6.3454)	Top-5 Accuracy 51.546 (36.545)
Epoch: [0][6400/18681]	Batch Time 0.130 (0.140)	Data Load Time 0.000 (0.001)	Loss 6.4089 (6.3423)	Top-5 Accuracy 36.634 (36.589)
Epoch: [0][6500/18681]	Batch Time 0.155 (0.140)	Data Load Time 0.000 (0.001)	Loss 5.9665 (6.3378)	Top-5 Accuracy 44.231 (36.651)
Epoch: [0][6600/18681]	Batch Time 0.123 (0.140)	Data Load Time 0.000 (0.001)	Loss 6.2123 (6.3334)	Top-5 Accuracy 42.593 (36.705)
Epoch: [0][6700/18681]	Batch Time 0.182 (0.140)	Data Load Time 0.000 (0.001)	Loss 6.6106 (6.3279)	Top-5 Accuracy 39.344 (36.771)
Epoch: [0][6800/18681]	Batch Time 0.130 (0.140)	Data Load Time 0.000 (0.000)	Loss 6.3049 (6.3238)	Top-5 Accuracy 34.783 (36.831)
Epoch: [0][6900/18681]	Batch Time 0.151 (0.139)	Data Load Time 0.000 (0.000)	Loss 5.9832 (6.3200)	Top-5 Accuracy 40.385 (36.881)
Epoch: [0][7000/18681]	Batch Time 0.118 (0.139)	Data Load Time 0.000 (0.000)	Loss 6.2425 (6.3156)	Top-5 Accuracy 42.857 (36.939)
Epoch: [0][7100/18681]	Batch Time 0.151 (0.139)	Data Load Time 0.000 (0.000)	Loss 6.1466 (6.3113)	Top-5 Accuracy 42.424 (36.994)
Epoch: [0][7200/18681]	Batch Time 0.132 (0.139)	Data Load Time 0.000 (0.000)	Loss 6.0408 (6.3074)	Top-5 Accuracy 40.625 (37.048)
Epoch: [0][7300/18681]	Batch Time 0.178 (0.139)	Data Load Time 0.000 (0.000)	Loss 6.2999 (6.3036)	Top-5 Accuracy 34.884 (37.094)
Epoch: [0][7400/18681]	Batch Time 0.120 (0.139)	Data Load Time 0.000 (0.000)	Loss 5.9183 (6.2991)	Top-5 Accuracy 42.400 (37.152)
Epoch: [0][7500/18681]	Batch Time 0.127 (0.139)	Data Load Time 0.000 (0.000)	Loss 5.8678 (6.2952)	Top-5 Accuracy 41.489 (37.194)
Epoch: [0][7600/18681]	Batch Time 0.162 (0.139)	Data Load Time 0.000 (0.000)	Loss 6.4216 (6.2912)	Top-5 Accuracy 35.789 (37.228)
Epoch: [0][7700/18681]	Batch Time 0.121 (0.139)	Data Load Time 0.000 (0.000)	Loss 5.5801 (6.2862)	Top-5 Accuracy 45.745 (37.289)
Epoch: [0][7800/18681]	Batch Time 0.115 (0.139)	Data Load Time 0.000 (0.000)	Loss 6.4077 (6.2822)	Top-5 Accuracy 37.234 (37.332)
Epoch: [0][7900/18681]	Batch Time 0.128 (0.139)	Data Load Time 0.000 (0.000)	Loss 5.4456 (6.2791)	Top-5 Accuracy 50.459 (37.372)
Epoch: [0][8000/18681]	Batch Time 0.127 (0.139)	Data Load Time 0.000 (0.000)	Loss 5.9165 (6.2757)	Top-5 Accuracy 41.748 (37.416)
Epoch: [0][8100/18681]	Batch Time 0.163 (0.139)	Data Load Time 0.000 (0.000)	Loss 6.5318 (6.2715)	Top-5 Accuracy 38.017 (37.471)
Epoch: [0][8200/18681]	Batch Time 0.126 (0.139)	Data Load Time 0.000 (0.000)	Loss 6.1438 (6.2683)	Top-5 Accuracy 39.000 (37.510)
Epoch: [0][8300/18681]	Batch Time 0.170 (0.139)	Data Load Time 0.000 (0.000)	Loss 5.7886 (6.2653)	Top-5 Accuracy 43.396 (37.547)
Epoch: [0][8400/18681]	Batch Time 0.166 (0.139)	Data Load Time 0.000 (0.000)	Loss 5.6935 (6.2615)	Top-5 Accuracy 49.038 (37.592)
Epoch: [0][8500/18681]	Batch Time 0.137 (0.140)	Data Load Time 0.000 (0.000)	Loss 5.5864 (6.2581)	Top-5 Accuracy 47.059 (37.633)
Epoch: [0][8600/18681]	Batch Time 0.115 (0.140)	Data Load Time 0.000 (0.000)	Loss 5.9416 (6.2552)	Top-5 Accuracy 45.192 (37.672)
Epoch: [0][8700/18681]	Batch Time 0.123 (0.139)	Data Load Time 0.000 (0.000)	Loss 5.9664 (6.2521)	Top-5 Accuracy 43.925 (37.712)
Epoch: [0][8800/18681]	Batch Time 0.220 (0.139)	Data Load Time 0.000 (0.000)	Loss 6.1519 (6.2499)	Top-5 Accuracy 42.361 (37.746)
Traceback (most recent call last):
  File "train.py", line 332, in <module>
    main()
  File "train.py", line 117, in main
    epoch=epoch)
  File "train.py", line 163, in train
    for i, (imgs, caps, caplens) in enumerate(train_loader):
  File "/work/06117/lakuduva/maverick2/anaconda3/lib/python3.5/site-packages/torch/utils/data/dataloader.py", line 637, in __next__
    return self._process_next_batch(batch)
  File "/work/06117/lakuduva/maverick2/anaconda3/lib/python3.5/site-packages/torch/utils/data/dataloader.py", line 658, in _process_next_batch
    raise batch.exc_type(batch.exc_msg)
RuntimeError: Traceback (most recent call last):
  File "/work/06117/lakuduva/maverick2/anaconda3/lib/python3.5/site-packages/torch/utils/data/dataloader.py", line 138, in _worker_loop
    samples = collate_fn([dataset[i] for i in batch_indices])
  File "/work/06117/lakuduva/maverick2/anaconda3/lib/python3.5/site-packages/torch/utils/data/dataloader.py", line 232, in default_collate
    return [default_collate(samples) for samples in transposed]
  File "/work/06117/lakuduva/maverick2/anaconda3/lib/python3.5/site-packages/torch/utils/data/dataloader.py", line 232, in <listcomp>
    return [default_collate(samples) for samples in transposed]
  File "/work/06117/lakuduva/maverick2/anaconda3/lib/python3.5/site-packages/torch/utils/data/dataloader.py", line 209, in default_collate
    return torch.stack(batch, 0, out=out)
RuntimeError: invalid argument 0: Sizes of tensors must match except in dimension 0. Got 102 and 129 in dimension 1 at /pytorch/aten/src/TH/generic/THTensorMoreMath.cpp:1307

