/tmp/slurmd/job35599/slurm_script: line 23: activate: No such file or directory
Epoch: [1][0/5838]	Batch Time 2.112 (2.112)	Data Load Time 0.437 (0.437)	Loss 2.3674 (2.3674)	Top-5 Accuracy 76.562 (76.562)
Epoch: [1][100/5838]	Batch Time 0.222 (0.200)	Data Load Time 0.057 (0.022)	Loss 2.4541 (2.4349)	Top-5 Accuracy 70.312 (74.350)
Epoch: [1][200/5838]	Batch Time 0.166 (0.190)	Data Load Time 0.005 (0.020)	Loss 2.3518 (2.4382)	Top-5 Accuracy 78.125 (74.386)
Epoch: [1][300/5838]	Batch Time 0.163 (0.187)	Data Load Time 0.000 (0.019)	Loss 2.3838 (2.4353)	Top-5 Accuracy 78.125 (74.175)
Epoch: [1][400/5838]	Batch Time 0.177 (0.185)	Data Load Time 0.014 (0.018)	Loss 2.4429 (2.4342)	Top-5 Accuracy 75.000 (74.104)
Epoch: [1][500/5838]	Batch Time 0.162 (0.187)	Data Load Time 0.000 (0.020)	Loss 2.3398 (2.4310)	Top-5 Accuracy 76.562 (74.264)
Epoch: [1][600/5838]	Batch Time 0.167 (0.185)	Data Load Time 0.002 (0.019)	Loss 2.4929 (2.4314)	Top-5 Accuracy 73.438 (74.454)
Epoch: [1][700/5838]	Batch Time 0.163 (0.184)	Data Load Time 0.000 (0.017)	Loss 2.2511 (2.4270)	Top-5 Accuracy 81.250 (74.579)
Epoch: [1][800/5838]	Batch Time 0.179 (0.183)	Data Load Time 0.018 (0.017)	Loss 2.4944 (2.4279)	Top-5 Accuracy 78.125 (74.583)
Epoch: [1][900/5838]	Batch Time 0.163 (0.182)	Data Load Time 0.000 (0.017)	Loss 2.3759 (2.4285)	Top-5 Accuracy 78.125 (74.589)
Epoch: [1][1000/5838]	Batch Time 0.168 (0.182)	Data Load Time 0.000 (0.016)	Loss 2.2596 (2.4294)	Top-5 Accuracy 84.375 (74.508)
Epoch: [1][1100/5838]	Batch Time 0.164 (0.182)	Data Load Time 0.000 (0.016)	Loss 2.3473 (2.4305)	Top-5 Accuracy 79.688 (74.482)
Epoch: [1][1200/5838]	Batch Time 0.164 (0.181)	Data Load Time 0.001 (0.016)	Loss 2.5903 (2.4309)	Top-5 Accuracy 68.750 (74.461)
Epoch: [1][1300/5838]	Batch Time 0.184 (0.181)	Data Load Time 0.013 (0.015)	Loss 2.4830 (2.4311)	Top-5 Accuracy 70.312 (74.480)
Epoch: [1][1400/5838]	Batch Time 0.162 (0.180)	Data Load Time 0.000 (0.015)	Loss 2.4618 (2.4300)	Top-5 Accuracy 73.438 (74.491)
Epoch: [1][1500/5838]	Batch Time 0.163 (0.180)	Data Load Time 0.000 (0.014)	Loss 2.5588 (2.4290)	Top-5 Accuracy 68.750 (74.507)
Epoch: [1][1600/5838]	Batch Time 0.163 (0.179)	Data Load Time 0.000 (0.014)	Loss 2.4431 (2.4294)	Top-5 Accuracy 78.125 (74.543)
Epoch: [1][1700/5838]	Batch Time 0.163 (0.179)	Data Load Time 0.000 (0.014)	Loss 2.4647 (2.4292)	Top-5 Accuracy 70.312 (74.543)
Epoch: [1][1800/5838]	Batch Time 0.176 (0.178)	Data Load Time 0.000 (0.013)	Loss 2.3987 (2.4294)	Top-5 Accuracy 71.875 (74.535)
Epoch: [1][1900/5838]	Batch Time 0.162 (0.178)	Data Load Time 0.000 (0.013)	Loss 2.4878 (2.4292)	Top-5 Accuracy 75.000 (74.559)
Epoch: [1][2000/5838]	Batch Time 0.166 (0.179)	Data Load Time 0.000 (0.014)	Loss 2.4883 (2.4295)	Top-5 Accuracy 71.875 (74.542)
Epoch: [1][2100/5838]	Batch Time 0.163 (0.179)	Data Load Time 0.000 (0.014)	Loss 2.6271 (2.4286)	Top-5 Accuracy 65.625 (74.582)
Epoch: [1][2200/5838]	Batch Time 0.163 (0.178)	Data Load Time 0.000 (0.013)	Loss 2.3933 (2.4287)	Top-5 Accuracy 79.688 (74.572)
Epoch: [1][2300/5838]	Batch Time 0.163 (0.178)	Data Load Time 0.000 (0.013)	Loss 2.4690 (2.4292)	Top-5 Accuracy 70.312 (74.544)
Epoch: [1][2400/5838]	Batch Time 0.184 (0.178)	Data Load Time 0.015 (0.013)	Loss 2.4647 (2.4297)	Top-5 Accuracy 79.688 (74.516)
Epoch: [1][2500/5838]	Batch Time 0.164 (0.178)	Data Load Time 0.002 (0.013)	Loss 2.3718 (2.4295)	Top-5 Accuracy 79.688 (74.500)
Epoch: [1][2600/5838]	Batch Time 0.171 (0.178)	Data Load Time 0.003 (0.013)	Loss 2.3552 (2.4296)	Top-5 Accuracy 73.438 (74.498)
Epoch: [1][2700/5838]	Batch Time 0.167 (0.177)	Data Load Time 0.000 (0.013)	Loss 2.4593 (2.4301)	Top-5 Accuracy 71.875 (74.479)
Epoch: [1][2800/5838]	Batch Time 0.163 (0.177)	Data Load Time 0.000 (0.012)	Loss 2.3969 (2.4303)	Top-5 Accuracy 73.438 (74.482)
Epoch: [1][2900/5838]	Batch Time 0.162 (0.177)	Data Load Time 0.000 (0.012)	Loss 2.4201 (2.4304)	Top-5 Accuracy 73.438 (74.469)
Epoch: [1][3000/5838]	Batch Time 0.163 (0.177)	Data Load Time 0.000 (0.012)	Loss 2.5082 (2.4308)	Top-5 Accuracy 70.312 (74.464)
Epoch: [1][3100/5838]	Batch Time 0.163 (0.177)	Data Load Time 0.000 (0.012)	Loss 2.4891 (2.4310)	Top-5 Accuracy 71.875 (74.441)
Epoch: [1][3200/5838]	Batch Time 0.163 (0.176)	Data Load Time 0.000 (0.012)	Loss 2.4027 (2.4311)	Top-5 Accuracy 75.000 (74.447)
Epoch: [1][3300/5838]	Batch Time 0.164 (0.176)	Data Load Time 0.000 (0.011)	Loss 2.3807 (2.4311)	Top-5 Accuracy 81.250 (74.457)
Epoch: [1][3400/5838]	Batch Time 0.162 (0.176)	Data Load Time 0.000 (0.011)	Loss 2.7162 (2.4315)	Top-5 Accuracy 71.875 (74.449)
Epoch: [1][3500/5838]	Batch Time 0.163 (0.176)	Data Load Time 0.000 (0.011)	Loss 2.3415 (2.4314)	Top-5 Accuracy 75.000 (74.455)
Epoch: [1][3600/5838]	Batch Time 0.163 (0.175)	Data Load Time 0.000 (0.011)	Loss 2.4834 (2.4316)	Top-5 Accuracy 68.750 (74.451)
Epoch: [1][3700/5838]	Batch Time 0.163 (0.175)	Data Load Time 0.000 (0.011)	Loss 2.5981 (2.4314)	Top-5 Accuracy 70.312 (74.451)
Epoch: [1][3800/5838]	Batch Time 0.167 (0.175)	Data Load Time 0.000 (0.010)	Loss 2.2775 (2.4314)	Top-5 Accuracy 82.812 (74.463)
Epoch: [1][3900/5838]	Batch Time 0.177 (0.175)	Data Load Time 0.013 (0.010)	Loss 2.5002 (2.4314)	Top-5 Accuracy 71.875 (74.457)
Epoch: [1][4000/5838]	Batch Time 0.163 (0.175)	Data Load Time 0.000 (0.010)	Loss 2.3550 (2.4309)	Top-5 Accuracy 75.000 (74.474)
Epoch: [1][4100/5838]	Batch Time 0.163 (0.174)	Data Load Time 0.000 (0.010)	Loss 2.4038 (2.4307)	Top-5 Accuracy 81.250 (74.479)
Epoch: [1][4200/5838]	Batch Time 0.163 (0.174)	Data Load Time 0.000 (0.010)	Loss 2.4404 (2.4311)	Top-5 Accuracy 79.688 (74.473)
Epoch: [1][4300/5838]	Batch Time 0.163 (0.174)	Data Load Time 0.000 (0.009)	Loss 2.6690 (2.4314)	Top-5 Accuracy 62.500 (74.451)
Epoch: [1][4400/5838]	Batch Time 0.163 (0.174)	Data Load Time 0.000 (0.009)	Loss 2.3230 (2.4310)	Top-5 Accuracy 78.125 (74.461)
Epoch: [1][4500/5838]	Batch Time 0.163 (0.174)	Data Load Time 0.000 (0.009)	Loss 2.4632 (2.4312)	Top-5 Accuracy 79.688 (74.474)
Epoch: [1][4600/5838]	Batch Time 0.163 (0.173)	Data Load Time 0.000 (0.009)	Loss 2.3455 (2.4308)	Top-5 Accuracy 79.688 (74.498)
Epoch: [1][4700/5838]	Batch Time 0.166 (0.173)	Data Load Time 0.000 (0.009)	Loss 2.4660 (2.4306)	Top-5 Accuracy 67.188 (74.510)
Epoch: [1][4800/5838]	Batch Time 0.203 (0.173)	Data Load Time 0.037 (0.009)	Loss 2.5083 (2.4307)	Top-5 Accuracy 68.750 (74.505)
Epoch: [1][4900/5838]	Batch Time 0.163 (0.173)	Data Load Time 0.000 (0.008)	Loss 2.4345 (2.4307)	Top-5 Accuracy 75.000 (74.510)
Epoch: [1][5000/5838]	Batch Time 0.163 (0.173)	Data Load Time 0.000 (0.008)	Loss 2.4233 (2.4305)	Top-5 Accuracy 73.438 (74.504)
Epoch: [1][5100/5838]	Batch Time 0.163 (0.173)	Data Load Time 0.000 (0.008)	Loss 2.3989 (2.4308)	Top-5 Accuracy 76.562 (74.493)
Epoch: [1][5200/5838]	Batch Time 0.263 (0.172)	Data Load Time 0.100 (0.008)	Loss 2.2435 (2.4309)	Top-5 Accuracy 82.812 (74.493)
Epoch: [1][5300/5838]	Batch Time 0.169 (0.172)	Data Load Time 0.000 (0.008)	Loss 2.3545 (2.4310)	Top-5 Accuracy 78.125 (74.485)
Epoch: [1][5400/5838]	Batch Time 0.164 (0.172)	Data Load Time 0.000 (0.008)	Loss 2.4691 (2.4308)	Top-5 Accuracy 70.312 (74.483)
Epoch: [1][5500/5838]	Batch Time 0.163 (0.172)	Data Load Time 0.000 (0.008)	Loss 2.2859 (2.4306)	Top-5 Accuracy 79.688 (74.480)
Epoch: [1][5600/5838]	Batch Time 0.167 (0.172)	Data Load Time 0.000 (0.008)	Loss 2.5210 (2.4308)	Top-5 Accuracy 67.188 (74.474)
Epoch: [1][5700/5838]	Batch Time 0.164 (0.172)	Data Load Time 0.000 (0.007)	Loss 2.4537 (2.4310)	Top-5 Accuracy 73.438 (74.468)
Epoch: [1][5800/5838]	Batch Time 0.166 (0.172)	Data Load Time 0.000 (0.007)	Loss 2.3032 (2.4309)	Top-5 Accuracy 81.250 (74.469)
Validation: [0/157]	Batch Time 0.365 (0.365)	Loss 2.4664 (2.4664)	Top-5 Accuracy 71.875 (71.875)	
Validation: [100/157]	Batch Time 0.132 (0.133)	Loss 2.1909 (2.4070)	Top-5 Accuracy 79.688 (75.077)	

 * LOSS - 2.409, TOP-5 ACCURACY - 74.895, BLEU-4 - 0.5931109364241172


Epochs since last improvement: 1

Traceback (most recent call last):
  File "train.py", line 331, in <module>
    main()
  File "train.py", line 134, in main
    save_checkpoint(data_name+'_'+epochs, epoch, epochs_since_improvement, encoder, decoder, encoder_optimizer,
TypeError: Can't convert 'int' object to str implicitly
