/tmp/slurmd/job35588/slurm_script: line 23: activate: No such file or directory
Epoch: [1][0/5838]	Batch Time 2.561 (2.561)	Data Load Time 0.783 (0.783)	Loss 2.2855 (2.2855)	Top-5 Accuracy 79.688 (79.688)
Epoch: [1][100/5838]	Batch Time 0.324 (0.364)	Data Load Time 0.162 (0.187)	Loss 2.5762 (2.4204)	Top-5 Accuracy 68.750 (74.876)
Epoch: [1][200/5838]	Batch Time 0.364 (0.358)	Data Load Time 0.201 (0.188)	Loss 2.3884 (2.4306)	Top-5 Accuracy 79.688 (74.238)
Epoch: [1][300/5838]	Batch Time 0.270 (0.347)	Data Load Time 0.108 (0.180)	Loss 2.5650 (2.4333)	Top-5 Accuracy 71.875 (74.107)
Epoch: [1][400/5838]	Batch Time 0.402 (0.346)	Data Load Time 0.240 (0.180)	Loss 2.7284 (2.4343)	Top-5 Accuracy 60.938 (74.303)
Epoch: [1][500/5838]	Batch Time 0.330 (0.344)	Data Load Time 0.169 (0.179)	Loss 2.4310 (2.4312)	Top-5 Accuracy 73.438 (74.482)
Epoch: [1][600/5838]	Batch Time 0.316 (0.341)	Data Load Time 0.154 (0.177)	Loss 2.2855 (2.4328)	Top-5 Accuracy 79.688 (74.363)
Epoch: [1][700/5838]	Batch Time 0.327 (0.338)	Data Load Time 0.166 (0.175)	Loss 2.4172 (2.4324)	Top-5 Accuracy 75.000 (74.400)
Epoch: [1][800/5838]	Batch Time 0.304 (0.337)	Data Load Time 0.140 (0.173)	Loss 2.3781 (2.4328)	Top-5 Accuracy 76.562 (74.368)
Epoch: [1][900/5838]	Batch Time 0.350 (0.336)	Data Load Time 0.188 (0.173)	Loss 2.4659 (2.4333)	Top-5 Accuracy 78.125 (74.370)
Epoch: [1][1000/5838]	Batch Time 0.308 (0.334)	Data Load Time 0.147 (0.171)	Loss 2.2649 (2.4337)	Top-5 Accuracy 79.688 (74.373)
Epoch: [1][1100/5838]	Batch Time 0.330 (0.333)	Data Load Time 0.168 (0.170)	Loss 2.4900 (2.4333)	Top-5 Accuracy 70.312 (74.388)
Epoch: [1][1200/5838]	Batch Time 0.309 (0.331)	Data Load Time 0.147 (0.168)	Loss 2.4075 (2.4325)	Top-5 Accuracy 73.438 (74.412)
Epoch: [1][1300/5838]	Batch Time 0.350 (0.330)	Data Load Time 0.189 (0.167)	Loss 2.6017 (2.4336)	Top-5 Accuracy 73.438 (74.335)
Epoch: [1][1400/5838]	Batch Time 0.341 (0.329)	Data Load Time 0.180 (0.166)	Loss 2.5375 (2.4345)	Top-5 Accuracy 65.625 (74.319)
Epoch: [1][1500/5838]	Batch Time 0.350 (0.328)	Data Load Time 0.189 (0.165)	Loss 2.4934 (2.4347)	Top-5 Accuracy 70.312 (74.303)
Epoch: [1][1600/5838]	Batch Time 0.294 (0.326)	Data Load Time 0.132 (0.164)	Loss 2.4278 (2.4356)	Top-5 Accuracy 73.438 (74.260)
Epoch: [1][1700/5838]	Batch Time 0.286 (0.325)	Data Load Time 0.125 (0.163)	Loss 2.4643 (2.4358)	Top-5 Accuracy 75.000 (74.237)
Epoch: [1][1800/5838]	Batch Time 0.277 (0.324)	Data Load Time 0.116 (0.161)	Loss 2.2731 (2.4352)	Top-5 Accuracy 78.125 (74.217)
Epoch: [1][1900/5838]	Batch Time 0.249 (0.322)	Data Load Time 0.088 (0.160)	Loss 2.4005 (2.4349)	Top-5 Accuracy 73.438 (74.246)
Epoch: [1][2000/5838]	Batch Time 0.320 (0.321)	Data Load Time 0.159 (0.159)	Loss 2.3871 (2.4348)	Top-5 Accuracy 73.438 (74.269)
Epoch: [1][2100/5838]	Batch Time 0.269 (0.320)	Data Load Time 0.108 (0.158)	Loss 2.3535 (2.4350)	Top-5 Accuracy 76.562 (74.253)
Epoch: [1][2200/5838]	Batch Time 0.342 (0.318)	Data Load Time 0.181 (0.156)	Loss 2.3291 (2.4349)	Top-5 Accuracy 79.688 (74.263)
Epoch: [1][2300/5838]	Batch Time 0.244 (0.318)	Data Load Time 0.083 (0.155)	Loss 2.4432 (2.4354)	Top-5 Accuracy 68.750 (74.238)
Epoch: [1][2400/5838]	Batch Time 0.294 (0.316)	Data Load Time 0.133 (0.154)	Loss 2.5268 (2.4355)	Top-5 Accuracy 70.312 (74.243)
Epoch: [1][2500/5838]	Batch Time 0.283 (0.315)	Data Load Time 0.119 (0.153)	Loss 2.4894 (2.4355)	Top-5 Accuracy 73.438 (74.231)
Epoch: [1][2600/5838]	Batch Time 0.313 (0.314)	Data Load Time 0.151 (0.152)	Loss 2.5467 (2.4353)	Top-5 Accuracy 68.750 (74.250)
Epoch: [1][2700/5838]	Batch Time 0.235 (0.313)	Data Load Time 0.074 (0.151)	Loss 2.3108 (2.4348)	Top-5 Accuracy 81.250 (74.297)
Epoch: [1][2800/5838]	Batch Time 0.283 (0.312)	Data Load Time 0.121 (0.150)	Loss 2.4682 (2.4344)	Top-5 Accuracy 68.750 (74.341)
Epoch: [1][2900/5838]	Batch Time 0.277 (0.311)	Data Load Time 0.115 (0.149)	Loss 2.5570 (2.4350)	Top-5 Accuracy 71.875 (74.298)
Epoch: [1][3000/5838]	Batch Time 0.242 (0.310)	Data Load Time 0.080 (0.148)	Loss 2.4234 (2.4348)	Top-5 Accuracy 73.438 (74.293)
Epoch: [1][3100/5838]	Batch Time 0.271 (0.309)	Data Load Time 0.109 (0.147)	Loss 2.4213 (2.4349)	Top-5 Accuracy 75.000 (74.284)
Epoch: [1][3200/5838]	Batch Time 0.279 (0.308)	Data Load Time 0.117 (0.146)	Loss 2.4693 (2.4353)	Top-5 Accuracy 76.562 (74.279)
Epoch: [1][3300/5838]	Batch Time 0.268 (0.307)	Data Load Time 0.107 (0.145)	Loss 2.4124 (2.4356)	Top-5 Accuracy 71.875 (74.262)
Epoch: [1][3400/5838]	Batch Time 0.226 (0.306)	Data Load Time 0.065 (0.144)	Loss 2.3109 (2.4356)	Top-5 Accuracy 81.250 (74.274)
Epoch: [1][3500/5838]	Batch Time 0.210 (0.305)	Data Load Time 0.049 (0.143)	Loss 2.4840 (2.4357)	Top-5 Accuracy 78.125 (74.280)
Epoch: [1][3600/5838]	Batch Time 0.293 (0.304)	Data Load Time 0.131 (0.142)	Loss 2.4978 (2.4360)	Top-5 Accuracy 76.562 (74.264)
Epoch: [1][3700/5838]	Batch Time 0.219 (0.303)	Data Load Time 0.058 (0.141)	Loss 2.3125 (2.4359)	Top-5 Accuracy 81.250 (74.270)
Epoch: [1][3800/5838]	Batch Time 0.289 (0.302)	Data Load Time 0.124 (0.140)	Loss 2.3861 (2.4358)	Top-5 Accuracy 76.562 (74.276)
Epoch: [1][3900/5838]	Batch Time 0.290 (0.302)	Data Load Time 0.128 (0.139)	Loss 2.2935 (2.4356)	Top-5 Accuracy 79.688 (74.283)
Epoch: [1][4000/5838]	Batch Time 0.241 (0.301)	Data Load Time 0.080 (0.139)	Loss 2.4152 (2.4355)	Top-5 Accuracy 73.438 (74.264)
Epoch: [1][4100/5838]	Batch Time 0.275 (0.300)	Data Load Time 0.113 (0.138)	Loss 2.3797 (2.4355)	Top-5 Accuracy 79.688 (74.261)
Epoch: [1][4200/5838]	Batch Time 0.268 (0.299)	Data Load Time 0.107 (0.137)	Loss 2.3376 (2.4355)	Top-5 Accuracy 79.688 (74.274)
Epoch: [1][4300/5838]	Batch Time 0.258 (0.298)	Data Load Time 0.094 (0.136)	Loss 2.2887 (2.4353)	Top-5 Accuracy 79.688 (74.267)
Epoch: [1][4400/5838]	Batch Time 0.279 (0.297)	Data Load Time 0.117 (0.135)	Loss 2.5281 (2.4352)	Top-5 Accuracy 71.875 (74.259)
Epoch: [1][4500/5838]	Batch Time 0.264 (0.297)	Data Load Time 0.103 (0.135)	Loss 2.3836 (2.4354)	Top-5 Accuracy 71.875 (74.266)
Epoch: [1][4600/5838]	Batch Time 0.231 (0.296)	Data Load Time 0.069 (0.134)	Loss 2.3378 (2.4354)	Top-5 Accuracy 81.250 (74.281)
Epoch: [1][4700/5838]	Batch Time 0.228 (0.295)	Data Load Time 0.067 (0.133)	Loss 2.4017 (2.4352)	Top-5 Accuracy 82.812 (74.291)
Epoch: [1][4800/5838]	Batch Time 0.270 (0.294)	Data Load Time 0.108 (0.132)	Loss 2.3518 (2.4352)	Top-5 Accuracy 75.000 (74.290)
Epoch: [1][4900/5838]	Batch Time 0.281 (0.294)	Data Load Time 0.118 (0.132)	Loss 2.3911 (2.4353)	Top-5 Accuracy 76.562 (74.286)
Epoch: [1][5000/5838]	Batch Time 0.256 (0.293)	Data Load Time 0.094 (0.131)	Loss 2.3427 (2.4350)	Top-5 Accuracy 76.562 (74.297)
Epoch: [1][5100/5838]	Batch Time 0.225 (0.292)	Data Load Time 0.063 (0.130)	Loss 2.4802 (2.4349)	Top-5 Accuracy 76.562 (74.301)
Epoch: [1][5200/5838]	Batch Time 0.313 (0.292)	Data Load Time 0.151 (0.130)	Loss 2.5606 (2.4349)	Top-5 Accuracy 68.750 (74.294)
Epoch: [1][5300/5838]	Batch Time 0.195 (0.291)	Data Load Time 0.033 (0.129)	Loss 2.3841 (2.4348)	Top-5 Accuracy 75.000 (74.307)
Epoch: [1][5400/5838]	Batch Time 0.228 (0.291)	Data Load Time 0.066 (0.129)	Loss 2.5628 (2.4347)	Top-5 Accuracy 73.438 (74.314)
Epoch: [1][5500/5838]	Batch Time 0.269 (0.290)	Data Load Time 0.104 (0.128)	Loss 2.5385 (2.4349)	Top-5 Accuracy 62.500 (74.304)
Epoch: [1][5600/5838]	Batch Time 0.368 (0.290)	Data Load Time 0.206 (0.128)	Loss 2.4486 (2.4345)	Top-5 Accuracy 73.438 (74.324)
Epoch: [1][5700/5838]	Batch Time 0.238 (0.290)	Data Load Time 0.076 (0.128)	Loss 2.5268 (2.4345)	Top-5 Accuracy 71.875 (74.331)
Epoch: [1][5800/5838]	Batch Time 0.263 (0.289)	Data Load Time 0.101 (0.127)	Loss 2.4142 (2.4342)	Top-5 Accuracy 73.438 (74.351)
Validation: [0/157]	Batch Time 0.365 (0.365)	Loss 2.3624 (2.3624)	Top-5 Accuracy 71.875 (71.875)	
Validation: [100/157]	Batch Time 0.126 (0.132)	Loss 2.4113 (2.4019)	Top-5 Accuracy 73.438 (75.139)	

 * LOSS - 2.410, TOP-5 ACCURACY - 75.115, BLEU-4 - 0.5931109364241172


Epochs since last improvement: 1

Epoch: [2][0/5838]	Batch Time 0.360 (0.360)	Data Load Time 0.161 (0.161)	Loss 2.5984 (2.5984)	Top-5 Accuracy 70.312 (70.312)
Epoch: [2][100/5838]	Batch Time 0.163 (0.165)	Data Load Time 0.000 (0.002)	Loss 2.4753 (2.4443)	Top-5 Accuracy 75.000 (74.242)
Epoch: [2][200/5838]	Batch Time 0.163 (0.164)	Data Load Time 0.000 (0.001)	Loss 2.5203 (2.4357)	Top-5 Accuracy 73.438 (74.440)
Epoch: [2][300/5838]	Batch Time 0.163 (0.163)	Data Load Time 0.000 (0.001)	Loss 2.3440 (2.4330)	Top-5 Accuracy 81.250 (74.481)
Epoch: [2][400/5838]	Batch Time 0.163 (0.163)	Data Load Time 0.000 (0.001)	Loss 2.4506 (2.4336)	Top-5 Accuracy 67.188 (74.396)
Epoch: [2][500/5838]	Batch Time 0.162 (0.163)	Data Load Time 0.000 (0.000)	Loss 2.3528 (2.4340)	Top-5 Accuracy 79.688 (74.429)
Epoch: [2][600/5838]	Batch Time 0.164 (0.163)	Data Load Time 0.000 (0.000)	Loss 2.3884 (2.4320)	Top-5 Accuracy 78.125 (74.485)
Epoch: [2][700/5838]	Batch Time 0.163 (0.163)	Data Load Time 0.000 (0.000)	Loss 2.2973 (2.4328)	Top-5 Accuracy 81.250 (74.456)
Epoch: [2][800/5838]	Batch Time 0.163 (0.163)	Data Load Time 0.000 (0.000)	Loss 2.4399 (2.4320)	Top-5 Accuracy 75.000 (74.458)
Epoch: [2][900/5838]	Batch Time 0.163 (0.163)	Data Load Time 0.000 (0.000)	Loss 2.4219 (2.4325)	Top-5 Accuracy 79.688 (74.471)
Epoch: [2][1000/5838]	Batch Time 0.163 (0.163)	Data Load Time 0.000 (0.000)	Loss 2.4125 (2.4332)	Top-5 Accuracy 79.688 (74.380)
Epoch: [2][1100/5838]	Batch Time 0.164 (0.163)	Data Load Time 0.000 (0.000)	Loss 2.6364 (2.4323)	Top-5 Accuracy 68.750 (74.431)
Epoch: [2][1200/5838]	Batch Time 0.163 (0.163)	Data Load Time 0.000 (0.000)	Loss 2.4055 (2.4321)	Top-5 Accuracy 78.125 (74.474)
Epoch: [2][1300/5838]	Batch Time 0.163 (0.163)	Data Load Time 0.000 (0.000)	Loss 2.4157 (2.4319)	Top-5 Accuracy 81.250 (74.498)
Epoch: [2][1400/5838]	Batch Time 0.163 (0.163)	Data Load Time 0.000 (0.000)	Loss 2.5209 (2.4321)	Top-5 Accuracy 70.312 (74.526)
Epoch: [2][1500/5838]	Batch Time 0.164 (0.163)	Data Load Time 0.000 (0.000)	Loss 2.4019 (2.4328)	Top-5 Accuracy 76.562 (74.523)
Epoch: [2][1600/5838]	Batch Time 0.163 (0.163)	Data Load Time 0.000 (0.000)	Loss 2.4170 (2.4325)	Top-5 Accuracy 76.562 (74.505)
Epoch: [2][1700/5838]	Batch Time 0.163 (0.163)	Data Load Time 0.000 (0.000)	Loss 2.4617 (2.4325)	Top-5 Accuracy 70.312 (74.517)
Epoch: [2][1800/5838]	Batch Time 0.164 (0.163)	Data Load Time 0.000 (0.000)	Loss 2.3978 (2.4324)	Top-5 Accuracy 73.438 (74.526)
Epoch: [2][1900/5838]	Batch Time 0.163 (0.163)	Data Load Time 0.000 (0.000)	Loss 2.4856 (2.4316)	Top-5 Accuracy 75.000 (74.559)
Epoch: [2][2000/5838]	Batch Time 0.163 (0.163)	Data Load Time 0.000 (0.000)	Loss 2.4553 (2.4317)	Top-5 Accuracy 70.312 (74.532)
Epoch: [2][2100/5838]	Batch Time 0.163 (0.163)	Data Load Time 0.000 (0.000)	Loss 2.4932 (2.4315)	Top-5 Accuracy 68.750 (74.505)
Epoch: [2][2200/5838]	Batch Time 0.163 (0.163)	Data Load Time 0.000 (0.000)	Loss 2.3917 (2.4310)	Top-5 Accuracy 75.000 (74.520)
Epoch: [2][2300/5838]	Batch Time 0.163 (0.163)	Data Load Time 0.000 (0.000)	Loss 2.3749 (2.4315)	Top-5 Accuracy 79.688 (74.494)
Epoch: [2][2400/5838]	Batch Time 0.163 (0.163)	Data Load Time 0.000 (0.000)	Loss 2.4667 (2.4317)	Top-5 Accuracy 73.438 (74.446)
Epoch: [2][2500/5838]	Batch Time 0.163 (0.163)	Data Load Time 0.000 (0.000)	Loss 2.4577 (2.4317)	Top-5 Accuracy 65.625 (74.458)
Epoch: [2][2600/5838]	Batch Time 0.163 (0.163)	Data Load Time 0.000 (0.000)	Loss 2.4749 (2.4318)	Top-5 Accuracy 71.875 (74.467)
Epoch: [2][2700/5838]	Batch Time 0.163 (0.163)	Data Load Time 0.000 (0.000)	Loss 2.4391 (2.4313)	Top-5 Accuracy 67.188 (74.470)
Epoch: [2][2800/5838]	Batch Time 0.163 (0.163)	Data Load Time 0.000 (0.000)	Loss 2.4935 (2.4309)	Top-5 Accuracy 71.875 (74.489)
Epoch: [2][2900/5838]	Batch Time 0.163 (0.163)	Data Load Time 0.000 (0.000)	Loss 2.3274 (2.4315)	Top-5 Accuracy 79.688 (74.499)
Epoch: [2][3000/5838]	Batch Time 0.163 (0.163)	Data Load Time 0.000 (0.000)	Loss 2.3423 (2.4310)	Top-5 Accuracy 79.688 (74.521)
Epoch: [2][3100/5838]	Batch Time 0.163 (0.163)	Data Load Time 0.000 (0.000)	Loss 2.4770 (2.4305)	Top-5 Accuracy 70.312 (74.528)
Epoch: [2][3200/5838]	Batch Time 0.163 (0.163)	Data Load Time 0.000 (0.000)	Loss 2.6215 (2.4302)	Top-5 Accuracy 67.188 (74.539)
Epoch: [2][3300/5838]	Batch Time 0.164 (0.163)	Data Load Time 0.000 (0.000)	Loss 2.4067 (2.4304)	Top-5 Accuracy 71.875 (74.535)
Epoch: [2][3400/5838]	Batch Time 0.163 (0.163)	Data Load Time 0.000 (0.000)	Loss 2.5181 (2.4302)	Top-5 Accuracy 75.000 (74.541)
Epoch: [2][3500/5838]	Batch Time 0.163 (0.163)	Data Load Time 0.000 (0.000)	Loss 2.5022 (2.4303)	Top-5 Accuracy 70.312 (74.538)
Epoch: [2][3600/5838]	Batch Time 0.163 (0.163)	Data Load Time 0.000 (0.000)	Loss 2.4777 (2.4305)	Top-5 Accuracy 73.438 (74.527)
Epoch: [2][3700/5838]	Batch Time 0.163 (0.163)	Data Load Time 0.000 (0.000)	Loss 2.4166 (2.4307)	Top-5 Accuracy 75.000 (74.518)
Epoch: [2][3800/5838]	Batch Time 0.162 (0.163)	Data Load Time 0.000 (0.000)	Loss 2.7956 (2.4306)	Top-5 Accuracy 73.438 (74.530)
Epoch: [2][3900/5838]	Batch Time 0.163 (0.163)	Data Load Time 0.000 (0.000)	Loss 2.4354 (2.4305)	Top-5 Accuracy 70.312 (74.525)
Epoch: [2][4000/5838]	Batch Time 0.163 (0.163)	Data Load Time 0.000 (0.000)	Loss 2.2813 (2.4302)	Top-5 Accuracy 85.938 (74.527)
Epoch: [2][4100/5838]	Batch Time 0.163 (0.163)	Data Load Time 0.000 (0.000)	Loss 2.3463 (2.4304)	Top-5 Accuracy 78.125 (74.517)
Epoch: [2][4200/5838]	Batch Time 0.164 (0.163)	Data Load Time 0.000 (0.000)	Loss 2.5344 (2.4305)	Top-5 Accuracy 65.625 (74.499)
Epoch: [2][4300/5838]	Batch Time 0.163 (0.163)	Data Load Time 0.000 (0.000)	Loss 2.2511 (2.4308)	Top-5 Accuracy 78.125 (74.480)
Epoch: [2][4400/5838]	Batch Time 0.163 (0.163)	Data Load Time 0.000 (0.000)	Loss 2.4855 (2.4310)	Top-5 Accuracy 76.562 (74.470)
Epoch: [2][4500/5838]	Batch Time 0.163 (0.163)	Data Load Time 0.000 (0.000)	Loss 2.4504 (2.4305)	Top-5 Accuracy 73.438 (74.473)
Epoch: [2][4600/5838]	Batch Time 0.163 (0.163)	Data Load Time 0.000 (0.000)	Loss 2.3290 (2.4303)	Top-5 Accuracy 81.250 (74.478)
Epoch: [2][4700/5838]	Batch Time 0.163 (0.163)	Data Load Time 0.000 (0.000)	Loss 2.3758 (2.4299)	Top-5 Accuracy 76.562 (74.499)
Epoch: [2][4800/5838]	Batch Time 0.163 (0.163)	Data Load Time 0.000 (0.000)	Loss 2.5208 (2.4300)	Top-5 Accuracy 75.000 (74.499)
Epoch: [2][4900/5838]	Batch Time 0.163 (0.163)	Data Load Time 0.000 (0.000)	Loss 2.3573 (2.4298)	Top-5 Accuracy 76.562 (74.494)
Epoch: [2][5000/5838]	Batch Time 0.163 (0.163)	Data Load Time 0.000 (0.000)	Loss 2.4109 (2.4298)	Top-5 Accuracy 75.000 (74.503)
Epoch: [2][5100/5838]	Batch Time 0.163 (0.163)	Data Load Time 0.000 (0.000)	Loss 2.4191 (2.4299)	Top-5 Accuracy 73.438 (74.503)
Epoch: [2][5200/5838]	Batch Time 0.163 (0.163)	Data Load Time 0.000 (0.000)	Loss 2.3279 (2.4302)	Top-5 Accuracy 79.688 (74.494)
Epoch: [2][5300/5838]	Batch Time 0.163 (0.163)	Data Load Time 0.000 (0.000)	Loss 2.3873 (2.4304)	Top-5 Accuracy 78.125 (74.490)
Epoch: [2][5400/5838]	Batch Time 0.163 (0.163)	Data Load Time 0.000 (0.000)	Loss 2.6010 (2.4304)	Top-5 Accuracy 65.625 (74.495)
Epoch: [2][5500/5838]	Batch Time 0.163 (0.163)	Data Load Time 0.000 (0.000)	Loss 2.5776 (2.4303)	Top-5 Accuracy 65.625 (74.490)
Epoch: [2][5600/5838]	Batch Time 0.163 (0.163)	Data Load Time 0.000 (0.000)	Loss 2.6129 (2.4304)	Top-5 Accuracy 67.188 (74.473)
Epoch: [2][5700/5838]	Batch Time 0.162 (0.163)	Data Load Time 0.000 (0.000)	Loss 2.3823 (2.4305)	Top-5 Accuracy 79.688 (74.464)
Epoch: [2][5800/5838]	Batch Time 0.163 (0.163)	Data Load Time 0.000 (0.000)	Loss 2.3614 (2.4307)	Top-5 Accuracy 71.875 (74.461)
Validation: [0/157]	Batch Time 0.279 (0.279)	Loss 2.4843 (2.4843)	Top-5 Accuracy 71.875 (71.875)	
Validation: [100/157]	Batch Time 0.126 (0.127)	Loss 2.4922 (2.4028)	Top-5 Accuracy 71.875 (75.217)	

 * LOSS - 2.408, TOP-5 ACCURACY - 75.115, BLEU-4 - 0.5931109364241172


Epochs since last improvement: 2

Epoch: [3][0/5838]	Batch Time 0.350 (0.350)	Data Load Time 0.163 (0.163)	Loss 2.4668 (2.4668)	Top-5 Accuracy 70.312 (70.312)
Epoch: [3][100/5838]	Batch Time 0.164 (0.166)	Data Load Time 0.000 (0.002)	Loss 2.3105 (2.4260)	Top-5 Accuracy 82.812 (74.629)
Epoch: [3][200/5838]	Batch Time 0.165 (0.165)	Data Load Time 0.000 (0.001)	Loss 2.6374 (2.4263)	Top-5 Accuracy 64.062 (74.650)
Epoch: [3][300/5838]	Batch Time 0.163 (0.164)	Data Load Time 0.000 (0.001)	Loss 2.4859 (2.4267)	Top-5 Accuracy 73.438 (74.875)
Epoch: [3][400/5838]	Batch Time 0.163 (0.164)	Data Load Time 0.000 (0.001)	Loss 2.4195 (2.4256)	Top-5 Accuracy 79.688 (75.000)
Epoch: [3][500/5838]	Batch Time 0.163 (0.164)	Data Load Time 0.000 (0.000)	Loss 2.4604 (2.4282)	Top-5 Accuracy 75.000 (74.788)
Epoch: [3][600/5838]	Batch Time 0.163 (0.164)	Data Load Time 0.000 (0.000)	Loss 2.3096 (2.4270)	Top-5 Accuracy 82.812 (74.784)
Epoch: [3][700/5838]	Batch Time 0.163 (0.164)	Data Load Time 0.000 (0.000)	Loss 2.3712 (2.4269)	Top-5 Accuracy 73.438 (74.762)
Epoch: [3][800/5838]	Batch Time 0.163 (0.164)	Data Load Time 0.000 (0.000)	Loss 2.4660 (2.4266)	Top-5 Accuracy 70.312 (74.684)
Epoch: [3][900/5838]	Batch Time 0.163 (0.164)	Data Load Time 0.000 (0.000)	Loss 2.5028 (2.4269)	Top-5 Accuracy 70.312 (74.655)
Epoch: [3][1000/5838]	Batch Time 0.163 (0.164)	Data Load Time 0.000 (0.000)	Loss 2.4566 (2.4263)	Top-5 Accuracy 78.125 (74.691)
Epoch: [3][1100/5838]	Batch Time 0.163 (0.163)	Data Load Time 0.000 (0.000)	Loss 2.3765 (2.4263)	Top-5 Accuracy 79.688 (74.692)
Epoch: [3][1200/5838]	Batch Time 0.163 (0.163)	Data Load Time 0.000 (0.000)	Loss 2.3787 (2.4272)	Top-5 Accuracy 78.125 (74.662)
Epoch: [3][1300/5838]	Batch Time 0.163 (0.163)	Data Load Time 0.000 (0.000)	Loss 2.3709 (2.4279)	Top-5 Accuracy 75.000 (74.641)
Epoch: [3][1400/5838]	Batch Time 0.163 (0.163)	Data Load Time 0.000 (0.000)	Loss 2.4489 (2.4282)	Top-5 Accuracy 71.875 (74.601)
Epoch: [3][1500/5838]	Batch Time 0.163 (0.163)	Data Load Time 0.000 (0.000)	Loss 2.5079 (2.4297)	Top-5 Accuracy 71.875 (74.579)
Epoch: [3][1600/5838]	Batch Time 0.163 (0.163)	Data Load Time 0.000 (0.000)	Loss 2.3763 (2.4294)	Top-5 Accuracy 75.000 (74.590)
Epoch: [3][1700/5838]	Batch Time 0.163 (0.163)	Data Load Time 0.000 (0.000)	Loss 2.3255 (2.4296)	Top-5 Accuracy 79.688 (74.585)
Epoch: [3][1800/5838]	Batch Time 0.163 (0.163)	Data Load Time 0.000 (0.000)	Loss 2.5885 (2.4298)	Top-5 Accuracy 65.625 (74.551)
Epoch: [3][1900/5838]	Batch Time 0.163 (0.163)	Data Load Time 0.000 (0.000)	Loss 2.4959 (2.4301)	Top-5 Accuracy 70.312 (74.530)
Epoch: [3][2000/5838]	Batch Time 0.163 (0.163)	Data Load Time 0.000 (0.000)	Loss 2.4481 (2.4301)	Top-5 Accuracy 70.312 (74.501)
Epoch: [3][2100/5838]	Batch Time 0.163 (0.163)	Data Load Time 0.000 (0.000)	Loss 2.4431 (2.4305)	Top-5 Accuracy 76.562 (74.497)
Epoch: [3][2200/5838]	Batch Time 0.163 (0.163)	Data Load Time 0.000 (0.000)	Loss 2.4794 (2.4305)	Top-5 Accuracy 71.875 (74.517)
Epoch: [3][2300/5838]	Batch Time 0.163 (0.163)	Data Load Time 0.000 (0.000)	Loss 2.4760 (2.4311)	Top-5 Accuracy 70.312 (74.495)
Epoch: [3][2400/5838]	Batch Time 0.163 (0.163)	Data Load Time 0.000 (0.000)	Loss 2.4631 (2.4311)	Top-5 Accuracy 75.000 (74.490)
Epoch: [3][2500/5838]	Batch Time 0.163 (0.163)	Data Load Time 0.000 (0.000)	Loss 2.4868 (2.4311)	Top-5 Accuracy 78.125 (74.495)
Epoch: [3][2600/5838]	Batch Time 0.163 (0.163)	Data Load Time 0.000 (0.000)	Loss 2.4235 (2.4303)	Top-5 Accuracy 71.875 (74.515)
Epoch: [3][2700/5838]	Batch Time 0.163 (0.163)	Data Load Time 0.000 (0.000)	Loss 2.4074 (2.4303)	Top-5 Accuracy 76.562 (74.493)
Epoch: [3][2800/5838]	Batch Time 0.163 (0.163)	Data Load Time 0.000 (0.000)	Loss 2.4563 (2.4303)	Top-5 Accuracy 70.312 (74.508)
Epoch: [3][2900/5838]	Batch Time 0.163 (0.163)	Data Load Time 0.000 (0.000)	Loss 2.4130 (2.4305)	Top-5 Accuracy 79.688 (74.499)
Epoch: [3][3000/5838]	Batch Time 0.163 (0.163)	Data Load Time 0.000 (0.000)	Loss 2.5166 (2.4300)	Top-5 Accuracy 71.875 (74.506)
Epoch: [3][3100/5838]	Batch Time 0.163 (0.163)	Data Load Time 0.000 (0.000)	Loss 2.5495 (2.4301)	Top-5 Accuracy 70.312 (74.492)
Epoch: [3][3200/5838]	Batch Time 0.163 (0.163)	Data Load Time 0.000 (0.000)	Loss 2.4034 (2.4304)	Top-5 Accuracy 75.000 (74.496)
Epoch: [3][3300/5838]	Batch Time 0.163 (0.163)	Data Load Time 0.000 (0.000)	Loss 2.3681 (2.4310)	Top-5 Accuracy 78.125 (74.489)
Epoch: [3][3400/5838]	Batch Time 0.163 (0.163)	Data Load Time 0.000 (0.000)	Loss 2.2261 (2.4309)	Top-5 Accuracy 79.688 (74.483)
Epoch: [3][3500/5838]	Batch Time 0.163 (0.163)	Data Load Time 0.000 (0.000)	Loss 2.4223 (2.4308)	Top-5 Accuracy 76.562 (74.478)
Epoch: [3][3600/5838]	Batch Time 0.163 (0.163)	Data Load Time 0.000 (0.000)	Loss 2.3736 (2.4309)	Top-5 Accuracy 70.312 (74.469)
Epoch: [3][3700/5838]	Batch Time 0.163 (0.163)	Data Load Time 0.000 (0.000)	Loss 2.3805 (2.4307)	Top-5 Accuracy 71.875 (74.484)
Epoch: [3][3800/5838]	Batch Time 0.163 (0.163)	Data Load Time 0.000 (0.000)	Loss 2.4360 (2.4304)	Top-5 Accuracy 70.312 (74.479)
Epoch: [3][3900/5838]	Batch Time 0.163 (0.163)	Data Load Time 0.000 (0.000)	Loss 2.2757 (2.4304)	Top-5 Accuracy 76.562 (74.474)
Epoch: [3][4000/5838]	Batch Time 0.163 (0.163)	Data Load Time 0.000 (0.000)	Loss 2.4743 (2.4305)	Top-5 Accuracy 75.000 (74.472)
Epoch: [3][4100/5838]	Batch Time 0.163 (0.163)	Data Load Time 0.000 (0.000)	Loss 2.4935 (2.4305)	Top-5 Accuracy 75.000 (74.475)
Epoch: [3][4200/5838]	Batch Time 0.163 (0.163)	Data Load Time 0.000 (0.000)	Loss 2.3243 (2.4306)	Top-5 Accuracy 79.688 (74.475)
Epoch: [3][4300/5838]	Batch Time 0.163 (0.163)	Data Load Time 0.000 (0.000)	Loss 2.4557 (2.4307)	Top-5 Accuracy 76.562 (74.470)
Epoch: [3][4400/5838]	Batch Time 0.163 (0.163)	Data Load Time 0.000 (0.000)	Loss 2.4925 (2.4306)	Top-5 Accuracy 76.562 (74.479)
Epoch: [3][4500/5838]	Batch Time 0.163 (0.163)	Data Load Time 0.000 (0.000)	Loss 2.3859 (2.4303)	Top-5 Accuracy 73.438 (74.486)
Epoch: [3][4600/5838]	Batch Time 0.163 (0.163)	Data Load Time 0.000 (0.000)	Loss 2.4564 (2.4305)	Top-5 Accuracy 71.875 (74.477)
Epoch: [3][4700/5838]	Batch Time 0.163 (0.163)	Data Load Time 0.000 (0.000)	Loss 2.3798 (2.4305)	Top-5 Accuracy 81.250 (74.480)
Epoch: [3][4800/5838]	Batch Time 0.163 (0.163)	Data Load Time 0.000 (0.000)	Loss 2.5800 (2.4310)	Top-5 Accuracy 62.500 (74.463)
Epoch: [3][4900/5838]	Batch Time 0.163 (0.163)	Data Load Time 0.000 (0.000)	Loss 2.4188 (2.4309)	Top-5 Accuracy 75.000 (74.462)
Epoch: [3][5000/5838]	Batch Time 0.163 (0.163)	Data Load Time 0.000 (0.000)	Loss 2.4074 (2.4310)	Top-5 Accuracy 71.875 (74.454)
Epoch: [3][5100/5838]	Batch Time 0.163 (0.163)	Data Load Time 0.000 (0.000)	Loss 2.5110 (2.4309)	Top-5 Accuracy 67.188 (74.453)
Epoch: [3][5200/5838]	Batch Time 0.163 (0.163)	Data Load Time 0.000 (0.000)	Loss 2.4676 (2.4307)	Top-5 Accuracy 68.750 (74.455)
Epoch: [3][5300/5838]	Batch Time 0.163 (0.163)	Data Load Time 0.000 (0.000)	Loss 2.4827 (2.4307)	Top-5 Accuracy 68.750 (74.456)
Epoch: [3][5400/5838]	Batch Time 0.164 (0.163)	Data Load Time 0.000 (0.000)	Loss 2.4988 (2.4306)	Top-5 Accuracy 68.750 (74.469)
Epoch: [3][5500/5838]	Batch Time 0.163 (0.163)	Data Load Time 0.000 (0.000)	Loss 2.3245 (2.4302)	Top-5 Accuracy 78.125 (74.484)
Epoch: [3][5600/5838]	Batch Time 0.163 (0.163)	Data Load Time 0.000 (0.000)	Loss 2.2878 (2.4304)	Top-5 Accuracy 81.250 (74.479)
Epoch: [3][5700/5838]	Batch Time 0.163 (0.163)	Data Load Time 0.000 (0.000)	Loss 2.6062 (2.4303)	Top-5 Accuracy 71.875 (74.484)
Epoch: [3][5800/5838]	Batch Time 0.164 (0.163)	Data Load Time 0.000 (0.000)	Loss 2.3460 (2.4304)	Top-5 Accuracy 75.000 (74.478)
Validation: [0/157]	Batch Time 0.275 (0.275)	Loss 2.4404 (2.4404)	Top-5 Accuracy 76.562 (76.562)	
Validation: [100/157]	Batch Time 0.126 (0.127)	Loss 2.3581 (2.4119)	Top-5 Accuracy 75.000 (75.217)	

 * LOSS - 2.411, TOP-5 ACCURACY - 75.245, BLEU-4 - 0.5931109364241172


Epochs since last improvement: 3

Epoch: [4][0/5838]	Batch Time 0.340 (0.340)	Data Load Time 0.159 (0.159)	Loss 2.3775 (2.3775)	Top-5 Accuracy 78.125 (78.125)
Epoch: [4][100/5838]	Batch Time 0.163 (0.165)	Data Load Time 0.000 (0.002)	Loss 2.4495 (2.4185)	Top-5 Accuracy 75.000 (74.845)
Epoch: [4][200/5838]	Batch Time 0.163 (0.164)	Data Load Time 0.000 (0.001)	Loss 2.5198 (2.4199)	Top-5 Accuracy 67.188 (74.720)
Epoch: [4][300/5838]	Batch Time 0.163 (0.163)	Data Load Time 0.000 (0.001)	Loss 2.4348 (2.4257)	Top-5 Accuracy 75.000 (74.476)
Epoch: [4][400/5838]	Batch Time 0.163 (0.163)	Data Load Time 0.000 (0.001)	Loss 2.4557 (2.4265)	Top-5 Accuracy 68.750 (74.458)
Epoch: [4][500/5838]	Batch Time 0.163 (0.163)	Data Load Time 0.000 (0.000)	Loss 2.2187 (2.4277)	Top-5 Accuracy 85.938 (74.386)
Epoch: [4][600/5838]	Batch Time 0.163 (0.163)	Data Load Time 0.000 (0.000)	Loss 2.2487 (2.4271)	Top-5 Accuracy 79.688 (74.418)
Epoch: [4][700/5838]	Batch Time 0.163 (0.163)	Data Load Time 0.000 (0.000)	Loss 2.4823 (2.4277)	Top-5 Accuracy 68.750 (74.454)
Epoch: [4][800/5838]	Batch Time 0.162 (0.163)	Data Load Time 0.000 (0.000)	Loss 2.5084 (2.4285)	Top-5 Accuracy 79.688 (74.524)
Epoch: [4][900/5838]	Batch Time 0.163 (0.163)	Data Load Time 0.000 (0.000)	Loss 2.3929 (2.4308)	Top-5 Accuracy 73.438 (74.492)
Epoch: [4][1000/5838]	Batch Time 0.163 (0.163)	Data Load Time 0.000 (0.000)	Loss 2.4676 (2.4309)	Top-5 Accuracy 71.875 (74.466)
Epoch: [4][1100/5838]	Batch Time 0.163 (0.163)	Data Load Time 0.000 (0.000)	Loss 2.5297 (2.4307)	Top-5 Accuracy 75.000 (74.455)
Epoch: [4][1200/5838]	Batch Time 0.163 (0.163)	Data Load Time 0.000 (0.000)	Loss 2.5137 (2.4302)	Top-5 Accuracy 76.562 (74.443)
Epoch: [4][1300/5838]	Batch Time 0.162 (0.163)	Data Load Time 0.000 (0.000)	Loss 2.4648 (2.4304)	Top-5 Accuracy 71.875 (74.431)
Epoch: [4][1400/5838]	Batch Time 0.162 (0.163)	Data Load Time 0.000 (0.000)	Loss 2.4619 (2.4296)	Top-5 Accuracy 68.750 (74.488)
Epoch: [4][1500/5838]	Batch Time 0.162 (0.163)	Data Load Time 0.000 (0.000)	Loss 2.4151 (2.4302)	Top-5 Accuracy 75.000 (74.463)
Epoch: [4][1600/5838]	Batch Time 0.163 (0.163)	Data Load Time 0.000 (0.000)	Loss 2.5696 (2.4298)	Top-5 Accuracy 65.625 (74.487)
Epoch: [4][1700/5838]	Batch Time 0.163 (0.163)	Data Load Time 0.000 (0.000)	Loss 2.2945 (2.4309)	Top-5 Accuracy 78.125 (74.427)
Epoch: [4][1800/5838]	Batch Time 0.162 (0.163)	Data Load Time 0.000 (0.000)	Loss 2.3457 (2.4308)	Top-5 Accuracy 73.438 (74.465)
Epoch: [4][1900/5838]	Batch Time 0.163 (0.163)	Data Load Time 0.000 (0.000)	Loss 2.2246 (2.4313)	Top-5 Accuracy 85.938 (74.441)
Epoch: [4][2000/5838]	Batch Time 0.163 (0.163)	Data Load Time 0.000 (0.000)	Loss 2.3786 (2.4307)	Top-5 Accuracy 78.125 (74.460)
Epoch: [4][2100/5838]	Batch Time 0.163 (0.163)	Data Load Time 0.000 (0.000)	Loss 2.5193 (2.4305)	Top-5 Accuracy 68.750 (74.470)
Epoch: [4][2200/5838]	Batch Time 0.164 (0.163)	Data Load Time 0.000 (0.000)	Loss 2.4141 (2.4294)	Top-5 Accuracy 73.438 (74.494)
Epoch: [4][2300/5838]	Batch Time 0.163 (0.163)	Data Load Time 0.000 (0.000)	Loss 2.4315 (2.4292)	Top-5 Accuracy 73.438 (74.500)
Epoch: [4][2400/5838]	Batch Time 0.163 (0.163)	Data Load Time 0.000 (0.000)	Loss 2.3957 (2.4293)	Top-5 Accuracy 78.125 (74.500)
Epoch: [4][2500/5838]	Batch Time 0.163 (0.163)	Data Load Time 0.000 (0.000)	Loss 2.5496 (2.4293)	Top-5 Accuracy 78.125 (74.525)
Epoch: [4][2600/5838]	Batch Time 0.163 (0.163)	Data Load Time 0.000 (0.000)	Loss 2.4403 (2.4295)	Top-5 Accuracy 71.875 (74.512)
Epoch: [4][2700/5838]	Batch Time 0.163 (0.163)	Data Load Time 0.000 (0.000)	Loss 2.4601 (2.4293)	Top-5 Accuracy 75.000 (74.524)
Epoch: [4][2800/5838]	Batch Time 0.164 (0.163)	Data Load Time 0.000 (0.000)	Loss 2.6446 (2.4290)	Top-5 Accuracy 68.750 (74.546)
Epoch: [4][2900/5838]	Batch Time 0.163 (0.163)	Data Load Time 0.000 (0.000)	Loss 2.4543 (2.4290)	Top-5 Accuracy 73.438 (74.551)
Epoch: [4][3000/5838]	Batch Time 0.163 (0.163)	Data Load Time 0.000 (0.000)	Loss 2.4544 (2.4288)	Top-5 Accuracy 76.562 (74.555)
Epoch: [4][3100/5838]	Batch Time 0.162 (0.163)	Data Load Time 0.000 (0.000)	Loss 2.3272 (2.4285)	Top-5 Accuracy 76.562 (74.573)
Epoch: [4][3200/5838]	Batch Time 0.163 (0.163)	Data Load Time 0.000 (0.000)	Loss 2.5144 (2.4282)	Top-5 Accuracy 71.875 (74.565)
Epoch: [4][3300/5838]	Batch Time 0.163 (0.163)	Data Load Time 0.000 (0.000)	Loss 2.4064 (2.4282)	Top-5 Accuracy 73.438 (74.566)
Epoch: [4][3400/5838]	Batch Time 0.162 (0.163)	Data Load Time 0.000 (0.000)	Loss 2.3231 (2.4274)	Top-5 Accuracy 79.688 (74.570)
Epoch: [4][3500/5838]	Batch Time 0.163 (0.163)	Data Load Time 0.000 (0.000)	Loss 2.3799 (2.4279)	Top-5 Accuracy 78.125 (74.553)
Epoch: [4][3600/5838]	Batch Time 0.163 (0.163)	Data Load Time 0.000 (0.000)	Loss 2.5069 (2.4280)	Top-5 Accuracy 73.438 (74.542)
Epoch: [4][3700/5838]	Batch Time 0.163 (0.163)	Data Load Time 0.000 (0.000)	Loss 2.4660 (2.4280)	Top-5 Accuracy 71.875 (74.533)
Epoch: [4][3800/5838]	Batch Time 0.163 (0.163)	Data Load Time 0.000 (0.000)	Loss 2.3665 (2.4280)	Top-5 Accuracy 71.875 (74.552)
Epoch: [4][3900/5838]	Batch Time 0.163 (0.163)	Data Load Time 0.000 (0.000)	Loss 2.4172 (2.4279)	Top-5 Accuracy 75.000 (74.548)
Epoch: [4][4000/5838]	Batch Time 0.163 (0.163)	Data Load Time 0.000 (0.000)	Loss 2.4849 (2.4277)	Top-5 Accuracy 75.000 (74.564)
Epoch: [4][4100/5838]	Batch Time 0.163 (0.163)	Data Load Time 0.000 (0.000)	Loss 2.4212 (2.4276)	Top-5 Accuracy 78.125 (74.567)
Epoch: [4][4200/5838]	Batch Time 0.163 (0.163)	Data Load Time 0.000 (0.000)	Loss 2.5408 (2.4281)	Top-5 Accuracy 67.188 (74.556)
Epoch: [4][4300/5838]	Batch Time 0.163 (0.163)	Data Load Time 0.000 (0.000)	Loss 2.3629 (2.4281)	Top-5 Accuracy 78.125 (74.546)
Epoch: [4][4400/5838]	Batch Time 0.162 (0.163)	Data Load Time 0.000 (0.000)	Loss 2.4678 (2.4286)	Top-5 Accuracy 75.000 (74.519)
Epoch: [4][4500/5838]	Batch Time 0.163 (0.163)	Data Load Time 0.000 (0.000)	Loss 2.3113 (2.4286)	Top-5 Accuracy 79.688 (74.529)
Epoch: [4][4600/5838]	Batch Time 0.163 (0.163)	Data Load Time 0.000 (0.000)	Loss 2.3634 (2.4287)	Top-5 Accuracy 75.000 (74.521)
Epoch: [4][4700/5838]	Batch Time 0.163 (0.163)	Data Load Time 0.000 (0.000)	Loss 2.5982 (2.4288)	Top-5 Accuracy 67.188 (74.521)
Epoch: [4][4800/5838]	Batch Time 0.163 (0.163)	Data Load Time 0.000 (0.000)	Loss 2.3731 (2.4291)	Top-5 Accuracy 75.000 (74.502)
Epoch: [4][4900/5838]	Batch Time 0.163 (0.163)	Data Load Time 0.000 (0.000)	Loss 2.4239 (2.4294)	Top-5 Accuracy 73.438 (74.470)
Epoch: [4][5000/5838]	Batch Time 0.162 (0.163)	Data Load Time 0.000 (0.000)	Loss 2.3681 (2.4296)	Top-5 Accuracy 78.125 (74.471)
Epoch: [4][5100/5838]	Batch Time 0.162 (0.163)	Data Load Time 0.000 (0.000)	Loss 2.3179 (2.4296)	Top-5 Accuracy 82.812 (74.475)
Epoch: [4][5200/5838]	Batch Time 0.162 (0.163)	Data Load Time 0.000 (0.000)	Loss 2.4026 (2.4297)	Top-5 Accuracy 70.312 (74.466)
Epoch: [4][5300/5838]	Batch Time 0.162 (0.163)	Data Load Time 0.000 (0.000)	Loss 2.4164 (2.4297)	Top-5 Accuracy 78.125 (74.468)
Epoch: [4][5400/5838]	Batch Time 0.162 (0.163)	Data Load Time 0.000 (0.000)	Loss 2.5250 (2.4296)	Top-5 Accuracy 71.875 (74.479)
Epoch: [4][5500/5838]	Batch Time 0.162 (0.163)	Data Load Time 0.000 (0.000)	Loss 2.4818 (2.4297)	Top-5 Accuracy 76.562 (74.476)
Epoch: [4][5600/5838]	Batch Time 0.162 (0.163)	Data Load Time 0.000 (0.000)	Loss 2.5161 (2.4296)	Top-5 Accuracy 68.750 (74.469)
Epoch: [4][5700/5838]	Batch Time 0.162 (0.163)	Data Load Time 0.000 (0.000)	Loss 2.3873 (2.4295)	Top-5 Accuracy 75.000 (74.476)
Epoch: [4][5800/5838]	Batch Time 0.163 (0.163)	Data Load Time 0.000 (0.000)	Loss 2.5184 (2.4296)	Top-5 Accuracy 71.875 (74.475)
Validation: [0/157]	Batch Time 0.553 (0.553)	Loss 2.2970 (2.2970)	Top-5 Accuracy 78.125 (78.125)	
Validation: [100/157]	Batch Time 0.128 (0.130)	Loss 2.4026 (2.4164)	Top-5 Accuracy 78.125 (74.923)	

 * LOSS - 2.409, TOP-5 ACCURACY - 75.215, BLEU-4 - 0.5931109364241172


Epochs since last improvement: 4

Epoch: [5][0/5838]	Batch Time 0.347 (0.347)	Data Load Time 0.160 (0.160)	Loss 2.4336 (2.4336)	Top-5 Accuracy 68.750 (68.750)
Epoch: [5][100/5838]	Batch Time 0.163 (0.166)	Data Load Time 0.000 (0.003)	Loss 2.4608 (2.4390)	Top-5 Accuracy 73.438 (74.103)
Epoch: [5][200/5838]	Batch Time 0.163 (0.164)	Data Load Time 0.000 (0.001)	Loss 2.3997 (2.4378)	Top-5 Accuracy 78.125 (74.075)
Epoch: [5][300/5838]	Batch Time 0.163 (0.164)	Data Load Time 0.000 (0.001)	Loss 2.4728 (2.4370)	Top-5 Accuracy 71.875 (74.071)
Epoch: [5][400/5838]	Batch Time 0.165 (0.164)	Data Load Time 0.000 (0.001)	Loss 2.3719 (2.4353)	Top-5 Accuracy 78.125 (74.096)
Epoch: [5][500/5838]	Batch Time 0.165 (0.164)	Data Load Time 0.000 (0.001)	Loss 2.3285 (2.4322)	Top-5 Accuracy 76.562 (74.186)
Epoch: [5][600/5838]	Batch Time 0.165 (0.164)	Data Load Time 0.000 (0.001)	Loss 2.4525 (2.4332)	Top-5 Accuracy 70.312 (74.262)
Epoch: [5][700/5838]	Batch Time 0.164 (0.164)	Data Load Time 0.000 (0.000)	Loss 2.4815 (2.4320)	Top-5 Accuracy 70.312 (74.340)
Epoch: [5][800/5838]	Batch Time 0.163 (0.164)	Data Load Time 0.000 (0.000)	Loss 2.4759 (2.4304)	Top-5 Accuracy 71.875 (74.313)
Epoch: [5][900/5838]	Batch Time 0.164 (0.164)	Data Load Time 0.000 (0.000)	Loss 2.3621 (2.4311)	Top-5 Accuracy 76.562 (74.317)
Epoch: [5][1000/5838]	Batch Time 0.163 (0.164)	Data Load Time 0.000 (0.000)	Loss 2.4481 (2.4296)	Top-5 Accuracy 79.688 (74.352)
Epoch: [5][1100/5838]	Batch Time 0.163 (0.164)	Data Load Time 0.000 (0.000)	Loss 2.3226 (2.4272)	Top-5 Accuracy 78.125 (74.452)
Epoch: [5][1200/5838]	Batch Time 0.163 (0.164)	Data Load Time 0.000 (0.000)	Loss 2.3744 (2.4282)	Top-5 Accuracy 75.000 (74.467)
Epoch: [5][1300/5838]	Batch Time 0.163 (0.164)	Data Load Time 0.000 (0.000)	Loss 2.5295 (2.4283)	Top-5 Accuracy 68.750 (74.439)
Epoch: [5][1400/5838]	Batch Time 0.162 (0.164)	Data Load Time 0.000 (0.000)	Loss 2.3531 (2.4280)	Top-5 Accuracy 79.688 (74.491)
Epoch: [5][1500/5838]	Batch Time 0.162 (0.164)	Data Load Time 0.000 (0.000)	Loss 2.3512 (2.4278)	Top-5 Accuracy 71.875 (74.510)
Epoch: [5][1600/5838]	Batch Time 0.162 (0.163)	Data Load Time 0.000 (0.000)	Loss 2.5572 (2.4289)	Top-5 Accuracy 67.188 (74.426)
Epoch: [5][1700/5838]	Batch Time 0.163 (0.163)	Data Load Time 0.000 (0.000)	Loss 2.4174 (2.4295)	Top-5 Accuracy 76.562 (74.403)
Epoch: [5][1800/5838]	Batch Time 0.163 (0.163)	Data Load Time 0.000 (0.000)	Loss 2.5409 (2.4296)	Top-5 Accuracy 64.062 (74.388)
Epoch: [5][1900/5838]	Batch Time 0.163 (0.163)	Data Load Time 0.000 (0.000)	Loss 2.4396 (2.4305)	Top-5 Accuracy 73.438 (74.351)
Epoch: [5][2000/5838]	Batch Time 0.163 (0.163)	Data Load Time 0.000 (0.000)	Loss 2.4575 (2.4307)	Top-5 Accuracy 75.000 (74.340)
Epoch: [5][2100/5838]	Batch Time 0.163 (0.163)	Data Load Time 0.000 (0.000)	Loss 2.4510 (2.4299)	Top-5 Accuracy 81.250 (74.360)
Epoch: [5][2200/5838]	Batch Time 0.163 (0.163)	Data Load Time 0.000 (0.000)	Loss 2.4043 (2.4296)	Top-5 Accuracy 76.562 (74.378)
Epoch: [5][2300/5838]	Batch Time 0.163 (0.163)	Data Load Time 0.000 (0.000)	Loss 2.3086 (2.4293)	Top-5 Accuracy 81.250 (74.376)
Epoch: [5][2400/5838]	Batch Time 0.163 (0.163)	Data Load Time 0.000 (0.000)	Loss 2.4689 (2.4295)	Top-5 Accuracy 70.312 (74.378)
Epoch: [5][2500/5838]	Batch Time 0.163 (0.163)	Data Load Time 0.000 (0.000)	Loss 2.3317 (2.4297)	Top-5 Accuracy 73.438 (74.352)
Epoch: [5][2600/5838]	Batch Time 0.163 (0.163)	Data Load Time 0.000 (0.000)	Loss 2.4665 (2.4297)	Top-5 Accuracy 73.438 (74.347)
Epoch: [5][2700/5838]	Batch Time 0.163 (0.163)	Data Load Time 0.000 (0.000)	Loss 2.4371 (2.4296)	Top-5 Accuracy 71.875 (74.364)
Epoch: [5][2800/5838]	Batch Time 0.164 (0.163)	Data Load Time 0.000 (0.000)	Loss 2.3907 (2.4298)	Top-5 Accuracy 75.000 (74.338)
Epoch: [5][2900/5838]	Batch Time 0.163 (0.163)	Data Load Time 0.000 (0.000)	Loss 2.5698 (2.4299)	Top-5 Accuracy 73.438 (74.352)
Epoch: [5][3000/5838]	Batch Time 0.163 (0.163)	Data Load Time 0.000 (0.000)	Loss 2.3450 (2.4298)	Top-5 Accuracy 78.125 (74.367)
Epoch: [5][3100/5838]	Batch Time 0.162 (0.163)	Data Load Time 0.000 (0.000)	Loss 2.4618 (2.4294)	Top-5 Accuracy 78.125 (74.366)
Epoch: [5][3200/5838]	Batch Time 0.163 (0.163)	Data Load Time 0.000 (0.000)	Loss 2.3901 (2.4289)	Top-5 Accuracy 76.562 (74.386)
Epoch: [5][3300/5838]	Batch Time 0.163 (0.163)	Data Load Time 0.000 (0.000)	Loss 2.3968 (2.4287)	Top-5 Accuracy 71.875 (74.396)
Epoch: [5][3400/5838]	Batch Time 0.163 (0.163)	Data Load Time 0.000 (0.000)	Loss 2.5721 (2.4289)	Top-5 Accuracy 71.875 (74.406)
Epoch: [5][3500/5838]	Batch Time 0.163 (0.163)	Data Load Time 0.000 (0.000)	Loss 2.4143 (2.4289)	Top-5 Accuracy 76.562 (74.413)
Epoch: [5][3600/5838]	Batch Time 0.163 (0.163)	Data Load Time 0.000 (0.000)	Loss 2.4899 (2.4285)	Top-5 Accuracy 70.312 (74.432)
Epoch: [5][3700/5838]	Batch Time 0.163 (0.163)	Data Load Time 0.000 (0.000)	Loss 2.5552 (2.4282)	Top-5 Accuracy 71.875 (74.443)
Epoch: [5][3800/5838]	Batch Time 0.162 (0.163)	Data Load Time 0.000 (0.000)	Loss 2.3124 (2.4282)	Top-5 Accuracy 75.000 (74.454)
Epoch: [5][3900/5838]	Batch Time 0.163 (0.163)	Data Load Time 0.000 (0.000)	Loss 2.3406 (2.4280)	Top-5 Accuracy 81.250 (74.468)
Epoch: [5][4000/5838]	Batch Time 0.163 (0.163)	Data Load Time 0.000 (0.000)	Loss 2.4270 (2.4281)	Top-5 Accuracy 75.000 (74.460)
Epoch: [5][4100/5838]	Batch Time 0.163 (0.163)	Data Load Time 0.000 (0.000)	Loss 2.4055 (2.4283)	Top-5 Accuracy 75.000 (74.468)
Epoch: [5][4200/5838]	Batch Time 0.163 (0.163)	Data Load Time 0.000 (0.000)	Loss 2.4553 (2.4284)	Top-5 Accuracy 78.125 (74.455)
Epoch: [5][4300/5838]	Batch Time 0.163 (0.163)	Data Load Time 0.000 (0.000)	Loss 2.5861 (2.4285)	Top-5 Accuracy 70.312 (74.446)
Epoch: [5][4400/5838]	Batch Time 0.163 (0.163)	Data Load Time 0.000 (0.000)	Loss 2.6808 (2.4286)	Top-5 Accuracy 71.875 (74.459)
Epoch: [5][4500/5838]	Batch Time 0.163 (0.163)	Data Load Time 0.000 (0.000)	Loss 2.3554 (2.4292)	Top-5 Accuracy 78.125 (74.449)
Epoch: [5][4600/5838]	Batch Time 0.163 (0.163)	Data Load Time 0.000 (0.000)	Loss 2.5101 (2.4289)	Top-5 Accuracy 71.875 (74.466)
Epoch: [5][4700/5838]	Batch Time 0.163 (0.163)	Data Load Time 0.000 (0.000)	Loss 2.4046 (2.4292)	Top-5 Accuracy 76.562 (74.471)
Epoch: [5][4800/5838]	Batch Time 0.163 (0.163)	Data Load Time 0.000 (0.000)	Loss 2.3801 (2.4294)	Top-5 Accuracy 76.562 (74.483)
Epoch: [5][4900/5838]	Batch Time 0.162 (0.163)	Data Load Time 0.000 (0.000)	Loss 2.4342 (2.4297)	Top-5 Accuracy 76.562 (74.469)
Epoch: [5][5000/5838]	Batch Time 0.163 (0.163)	Data Load Time 0.000 (0.000)	Loss 2.4909 (2.4299)	Top-5 Accuracy 71.875 (74.462)
Epoch: [5][5100/5838]	Batch Time 0.163 (0.163)	Data Load Time 0.000 (0.000)	Loss 2.3990 (2.4298)	Top-5 Accuracy 73.438 (74.469)
Epoch: [5][5200/5838]	Batch Time 0.163 (0.163)	Data Load Time 0.000 (0.000)	Loss 2.3164 (2.4298)	Top-5 Accuracy 76.562 (74.465)
Epoch: [5][5300/5838]	Batch Time 0.163 (0.163)	Data Load Time 0.000 (0.000)	Loss 2.4736 (2.4295)	Top-5 Accuracy 73.438 (74.472)
Epoch: [5][5400/5838]	Batch Time 0.163 (0.163)	Data Load Time 0.000 (0.000)	Loss 2.4479 (2.4294)	Top-5 Accuracy 71.875 (74.474)
Epoch: [5][5500/5838]	Batch Time 0.163 (0.163)	Data Load Time 0.000 (0.000)	Loss 2.4902 (2.4293)	Top-5 Accuracy 75.000 (74.473)
Epoch: [5][5600/5838]	Batch Time 0.163 (0.163)	Data Load Time 0.000 (0.000)	Loss 2.5605 (2.4294)	Top-5 Accuracy 70.312 (74.471)
Epoch: [5][5700/5838]	Batch Time 0.163 (0.163)	Data Load Time 0.000 (0.000)	Loss 2.4687 (2.4294)	Top-5 Accuracy 73.438 (74.460)
Epoch: [5][5800/5838]	Batch Time 0.162 (0.163)	Data Load Time 0.000 (0.000)	Loss 2.4460 (2.4291)	Top-5 Accuracy 70.312 (74.469)
Validation: [0/157]	Batch Time 0.286 (0.286)	Loss 2.5004 (2.5004)	Top-5 Accuracy 70.312 (70.312)	
Validation: [100/157]	Batch Time 0.127 (0.132)	Loss 2.4205 (2.4101)	Top-5 Accuracy 75.000 (74.969)	

 * LOSS - 2.412, TOP-5 ACCURACY - 74.835, BLEU-4 - 0.5931109364241172


Epochs since last improvement: 5

slurmstepd: error: *** JOB 35588 ON c227-124 CANCELLED AT 2019-04-26T13:42:17 ***
